  Bezier.cpp
C:\Users\Abai Alex\Downloads\Kompgraf Védés\bezier-felulet-AbaiAlex-master\solution\bevgraf-vs-freeglut\bevgraf-vs-freeglut\Bezier.cpp(18,18): warning C4305: 'initializing': truncation from 'double' to 'float'
C:\Users\Abai Alex\Downloads\Kompgraf Védés\bezier-felulet-AbaiAlex-master\solution\bevgraf-vs-freeglut\bevgraf-vs-freeglut\Bezier.cpp(175,28): warning C4305: 'argument': truncation from 'double' to 'GLfloat'
C:\Users\Abai Alex\Downloads\Kompgraf Védés\bezier-felulet-AbaiAlex-master\solution\bevgraf-vs-freeglut\bevgraf-vs-freeglut\Bezier.cpp(182,28): warning C4305: 'argument': truncation from 'double' to 'GLfloat'
C:\Users\Abai Alex\Downloads\Kompgraf Védés\bezier-felulet-AbaiAlex-master\solution\bevgraf-vs-freeglut\bevgraf-vs-freeglut\Bezier.cpp(186,28): warning C4305: 'argument': truncation from 'double' to 'GLfloat'
C:\Users\Abai Alex\Downloads\Kompgraf Védés\bezier-felulet-AbaiAlex-master\solution\bevgraf-vs-freeglut\bevgraf-vs-freeglut\Bezier.cpp(251,20): warning C4244: 'argument': conversion from 'GLint' to 'float', possible loss of data
C:\Users\Abai Alex\Downloads\Kompgraf Védés\bezier-felulet-AbaiAlex-master\solution\bevgraf-vs-freeglut\bevgraf-vs-freeglut\Bezier.cpp(251,17): warning C4244: 'argument': conversion from 'GLint' to 'float', possible loss of data
C:\Users\Abai Alex\Downloads\Kompgraf Védés\bezier-felulet-AbaiAlex-master\solution\bevgraf-vs-freeglut\bevgraf-vs-freeglut\Bezier.cpp(293,12): warning C4244: 'initializing': conversion from 'float' to 'int', possible loss of data
C:\Users\Abai Alex\Downloads\Kompgraf Védés\bezier-felulet-AbaiAlex-master\solution\bevgraf-vs-freeglut\bevgraf-vs-freeglut\Bezier.cpp(294,12): warning C4244: 'initializing': conversion from 'float' to 'int', possible loss of data
C:\Users\Abai Alex\Downloads\Kompgraf Védés\bezier-felulet-AbaiAlex-master\solution\bevgraf-vs-freeglut\bevgraf-vs-freeglut\Bezier.cpp(295,34): warning C4305: '+=': truncation from 'double' to 'float'
C:\Users\Abai Alex\Downloads\Kompgraf Védés\bezier-felulet-AbaiAlex-master\solution\bevgraf-vs-freeglut\bevgraf-vs-freeglut\Bezier.cpp(296,34): warning C4305: '-=': truncation from 'double' to 'float'
C:\Users\Abai Alex\Downloads\Kompgraf Védés\bezier-felulet-AbaiAlex-master\solution\bevgraf-vs-freeglut\bevgraf-vs-freeglut\Bezier.cpp(297,34): warning C4305: '+=': truncation from 'double' to 'float'
C:\Users\Abai Alex\Downloads\Kompgraf Védés\bezier-felulet-AbaiAlex-master\solution\bevgraf-vs-freeglut\bevgraf-vs-freeglut\Bezier.cpp(298,34): warning C4305: '-=': truncation from 'double' to 'float'
C:\Users\Abai Alex\Downloads\Kompgraf Védés\bezier-felulet-AbaiAlex-master\solution\bevgraf-vs-freeglut\bevgraf-vs-freeglut\Bezier.cpp(304,29): warning C4305: '+=': truncation from 'double' to 'float'
C:\Users\Abai Alex\Downloads\Kompgraf Védés\bezier-felulet-AbaiAlex-master\solution\bevgraf-vs-freeglut\bevgraf-vs-freeglut\Bezier.cpp(308,29): warning C4305: '-=': truncation from 'double' to 'float'
C:\Users\Abai Alex\Downloads\Kompgraf Védés\bezier-felulet-AbaiAlex-master\solution\bevgraf-vs-freeglut\bevgraf-vs-freeglut\Bezier.cpp(312,29): warning C4305: '+=': truncation from 'double' to 'float'
C:\Users\Abai Alex\Downloads\Kompgraf Védés\bezier-felulet-AbaiAlex-master\solution\bevgraf-vs-freeglut\bevgraf-vs-freeglut\Bezier.cpp(316,29): warning C4305: '-=': truncation from 'double' to 'float'
C:\Users\Abai Alex\Downloads\Kompgraf Védés\bezier-felulet-AbaiAlex-master\solution\bevgraf-vs-freeglut\bevgraf-vs-freeglut\Bezier.cpp(320,29): warning C4305: '+=': truncation from 'double' to 'float'
C:\Users\Abai Alex\Downloads\Kompgraf Védés\bezier-felulet-AbaiAlex-master\solution\bevgraf-vs-freeglut\bevgraf-vs-freeglut\Bezier.cpp(324,29): warning C4305: '-=': truncation from 'double' to 'float'
C:\Users\Abai Alex\Downloads\Kompgraf Védés\bezier-felulet-AbaiAlex-master\solution\bevgraf-vs-freeglut\bevgraf-vs-freeglut\Bezier.cpp(60): warning C4715: 'b': not all control paths return a value
  LINK : C:\Users\Abai Alex\Downloads\Kompgraf Védés\bezier-felulet-AbaiAlex-master\solution\bevgraf-vs-freeglut\x64\Debug\bevgraf-vs-freeglut.exe not found or not built by the last incremental link; performing full link
  bevgraf-vs-freeglut.vcxproj -> C:\Users\Abai Alex\Downloads\Kompgraf Védés\bezier-felulet-AbaiAlex-master\solution\bevgraf-vs-freeglut\x64\Debug\bevgraf-vs-freeglut.exe
  0 File(s) copied
